{"numTotalTestSuites":20,"numPassedTestSuites":18,"numFailedTestSuites":2,"numPendingTestSuites":0,"numTotalTests":34,"numPassedTests":24,"numFailedTests":3,"numPendingTests":4,"numTodoTests":0,"snapshot":{"added":0,"failure":false,"filesAdded":0,"filesRemoved":0,"filesRemovedList":[],"filesUnmatched":0,"filesUpdated":0,"matched":0,"total":0,"unchecked":0,"uncheckedKeysByFile":[],"unmatched":0,"updated":0,"didUpdate":false},"startTime":1766305160652,"success":false,"testResults":[{"assertionResults":[{"ancestorTitles":["useSubscription"],"fullName":"useSubscription should load subscription data for authenticated user","status":"pending","title":"should load subscription data for authenticated user","failureMessages":[],"meta":{}},{"ancestorTitles":["useSubscription"],"fullName":"useSubscription should identify PRO subscription correctly","status":"pending","title":"should identify PRO subscription correctly","failureMessages":[],"meta":{}},{"ancestorTitles":["useSubscription"],"fullName":"useSubscription should provide subscription limits via plan","status":"pending","title":"should provide subscription limits via plan","failureMessages":[],"meta":{}}],"startTime":1766305160652,"endTime":1766305160652,"status":"passed","message":"","name":"c:/Users/anagb/malleabite/src/hooks/use-subscription.test.ts"},{"assertionResults":[{"ancestorTitles":["Offline Sync"],"fullName":"Offline Sync should create offline database","status":"skipped","title":"should create offline database","failureMessages":[],"meta":{}},{"ancestorTitles":["Offline Sync"],"fullName":"Offline Sync should store events in offline queue","status":"skipped","title":"should store events in offline queue","failureMessages":[],"meta":{}},{"ancestorTitles":["Offline Sync"],"fullName":"Offline Sync should filter synced events correctly","status":"skipped","title":"should filter synced events correctly","failureMessages":[],"meta":{}},{"ancestorTitles":["Offline Sync"],"fullName":"Offline Sync should use getAll() instead of IDBKeyRange for boolean queries","status":"skipped","title":"should use getAll() instead of IDBKeyRange for boolean queries","failureMessages":[],"meta":{}}],"startTime":1766305160652,"endTime":1766305160652,"status":"passed","message":"","name":"c:/Users/anagb/malleabite/src/lib/offline-sync.test.ts"},{"assertionResults":[{"ancestorTitles":["Subscription Limits","getLimitsForPlan"],"fullName":"Subscription Limits getLimitsForPlan should return FREE plan limits","status":"passed","title":"should return FREE plan limits","duration":2.7119000000002416,"failureMessages":[],"meta":{}},{"ancestorTitles":["Subscription Limits","getLimitsForPlan"],"fullName":"Subscription Limits getLimitsForPlan should return PRO plan limits","status":"passed","title":"should return PRO plan limits","duration":0.6584000000002561,"failureMessages":[],"meta":{}},{"ancestorTitles":["Subscription Limits","getLimitsForPlan"],"fullName":"Subscription Limits getLimitsForPlan should return TEAMS plan limits","status":"passed","title":"should return TEAMS plan limits","duration":0.42010000000027503,"failureMessages":[],"meta":{}},{"ancestorTitles":["Subscription Limits","hasReachedLimit"],"fullName":"Subscription Limits hasReachedLimit should return false for unlimited limits","status":"passed","title":"should return false for unlimited limits","duration":0.6116999999994732,"failureMessages":[],"meta":{}},{"ancestorTitles":["Subscription Limits","hasReachedLimit"],"fullName":"Subscription Limits hasReachedLimit should return true when limit is reached","status":"passed","title":"should return true when limit is reached","duration":0.38659999999981665,"failureMessages":[],"meta":{}},{"ancestorTitles":["Subscription Limits","hasReachedLimit"],"fullName":"Subscription Limits hasReachedLimit should return true when limit is exceeded","status":"passed","title":"should return true when limit is exceeded","duration":0.39620000000013533,"failureMessages":[],"meta":{}},{"ancestorTitles":["Subscription Limits","hasReachedLimit"],"fullName":"Subscription Limits hasReachedLimit should return false when under limit","status":"passed","title":"should return false when under limit","duration":0.47890000000006694,"failureMessages":[],"meta":{}},{"ancestorTitles":["Subscription Limits","getFeatureAccess"],"fullName":"Subscription Limits getFeatureAccess should allow FREE users basic features","status":"passed","title":"should allow FREE users basic features","duration":0.6981000000005224,"failureMessages":[],"meta":{}},{"ancestorTitles":["Subscription Limits","getFeatureAccess"],"fullName":"Subscription Limits getFeatureAccess should block FREE users at event limit","status":"passed","title":"should block FREE users at event limit","duration":0.5403999999998632,"failureMessages":[],"meta":{}},{"ancestorTitles":["Subscription Limits","getFeatureAccess"],"fullName":"Subscription Limits getFeatureAccess should allow PRO users unlimited events","status":"passed","title":"should allow PRO users unlimited events","duration":0.43139999999948486,"failureMessages":[],"meta":{}},{"ancestorTitles":["Subscription Limits","getFeatureAccess"],"fullName":"Subscription Limits getFeatureAccess should allow inactive PRO subscriptions until period ends","status":"passed","title":"should allow inactive PRO subscriptions until period ends","duration":0.29730000000017753,"failureMessages":[],"meta":{}},{"ancestorTitles":["Subscription Limits","getFeatureAccess"],"fullName":"Subscription Limits getFeatureAccess should default to FREE for null subscription","status":"passed","title":"should default to FREE for null subscription","duration":0.3451999999997497,"failureMessages":[],"meta":{}}],"startTime":1766305166294,"endTime":1766305166304.3452,"status":"passed","message":"","name":"c:/Users/anagb/malleabite/src/lib/subscription-limits.test.ts"},{"assertionResults":[{"ancestorTitles":["Usage Tracker","trackEventCreation"],"fullName":"Usage Tracker trackEventCreation should track event creation","status":"passed","title":"should track event creation","duration":3.3652000000001863,"failureMessages":[],"meta":{}},{"ancestorTitles":["Usage Tracker","trackAIRequest"],"fullName":"Usage Tracker trackAIRequest should track AI request","status":"passed","title":"should track AI request","duration":0.8649999999997817,"failureMessages":[],"meta":{}},{"ancestorTitles":["Usage Tracker","getCurrentUsage"],"fullName":"Usage Tracker getCurrentUsage should return usage data","status":"passed","title":"should return usage data","duration":0.9705999999996493,"failureMessages":[],"meta":{}}],"startTime":1766305166307,"endTime":1766305166312.9707,"status":"passed","message":"","name":"c:/Users/anagb/malleabite/src/lib/usage-tracker.test.ts"},{"assertionResults":[{"ancestorTitles":["Minimal Test"],"fullName":"Minimal Test should pass a basic test","status":"passed","title":"should pass a basic test","duration":2.367699999999786,"failureMessages":[],"meta":{}},{"ancestorTitles":["Minimal Test"],"fullName":"Minimal Test should do math correctly","status":"passed","title":"should do math correctly","duration":0.636199999999917,"failureMessages":[],"meta":{}}],"startTime":1766305166058,"endTime":1766305166060.6362,"status":"passed","message":"","name":"c:/Users/anagb/malleabite/src/test/minimal.test.ts"},{"assertionResults":[{"ancestorTitles":["MobileEventForm"],"fullName":"MobileEventForm should render input with 48px height (touch-friendly)","status":"passed","title":"should render input with 48px height (touch-friendly)","duration":482.22069999999985,"failureMessages":[],"meta":{}},{"ancestorTitles":["MobileEventForm"],"fullName":"MobileEventForm should display category selector","status":"passed","title":"should display category selector","duration":139.4282000000003,"failureMessages":[],"meta":{}},{"ancestorTitles":["MobileEventForm"],"fullName":"MobileEventForm should have all-day toggle","status":"failed","title":"should have all-day toggle","duration":186.48539999999957,"failureMessages":["TestingLibraryElementError: Found multiple elements with the role \"switch\"\n\nHere are the matching elements:\n\nIgnored nodes: comments, script, style\n\u001b[36m<button\u001b[39m\n  \u001b[33maria-checked\u001b[39m=\u001b[32m\"false\"\u001b[39m\n  \u001b[33mclass\u001b[39m=\u001b[32m\"peer inline-flex h-6 w-11 shrink-0 cursor-pointer items-center rounded-full border-2 border-transparent transition-colors focus-visible:outline-none focus-visible:ring-2 focus-visible:ring-ring focus-visible:ring-offset-2 focus-visible:ring-offset-background disabled:cursor-not-allowed disabled:opacity-50 data-[state=unchecked]:bg-input data-[state=checked]:bg-primary\"\u001b[39m\n  \u001b[33mdata-state\u001b[39m=\u001b[32m\"unchecked\"\u001b[39m\n  \u001b[33mid\u001b[39m=\u001b[32m\"all-day\"\u001b[39m\n  \u001b[33mrole\u001b[39m=\u001b[32m\"switch\"\u001b[39m\n  \u001b[33mtype\u001b[39m=\u001b[32m\"button\"\u001b[39m\n  \u001b[33mvalue\u001b[39m=\u001b[32m\"on\"\u001b[39m\n\u001b[36m>\u001b[39m\n  \u001b[36m<span\u001b[39m\n    \u001b[33mclass\u001b[39m=\u001b[32m\"pointer-events-none block h-5 w-5 rounded-full bg-background shadow-lg ring-0 transition-transform data-[state=checked]:translate-x-5 data-[state=unchecked]:translate-x-0\"\u001b[39m\n    \u001b[33mdata-state\u001b[39m=\u001b[32m\"unchecked\"\u001b[39m\n  \u001b[36m/>\u001b[39m\n\u001b[36m</button>\u001b[39m\n\nIgnored nodes: comments, script, style\n\u001b[36m<button\u001b[39m\n  \u001b[33maria-checked\u001b[39m=\u001b[32m\"false\"\u001b[39m\n  \u001b[33mclass\u001b[39m=\u001b[32m\"peer inline-flex h-6 w-11 shrink-0 cursor-pointer items-center rounded-full border-2 border-transparent transition-colors focus-visible:outline-none focus-visible:ring-2 focus-visible:ring-ring focus-visible:ring-offset-2 focus-visible:ring-offset-background disabled:cursor-not-allowed disabled:opacity-50 data-[state=unchecked]:bg-input data-[state=checked]:bg-primary\"\u001b[39m\n  \u001b[33mdata-state\u001b[39m=\u001b[32m\"unchecked\"\u001b[39m\n  \u001b[33mid\u001b[39m=\u001b[32m\"reminder\"\u001b[39m\n  \u001b[33mrole\u001b[39m=\u001b[32m\"switch\"\u001b[39m\n  \u001b[33mtype\u001b[39m=\u001b[32m\"button\"\u001b[39m\n  \u001b[33mvalue\u001b[39m=\u001b[32m\"on\"\u001b[39m\n\u001b[36m>\u001b[39m\n  \u001b[36m<span\u001b[39m\n    \u001b[33mclass\u001b[39m=\u001b[32m\"pointer-events-none block h-5 w-5 rounded-full bg-background shadow-lg ring-0 transition-transform data-[state=checked]:translate-x-5 data-[state=unchecked]:translate-x-0\"\u001b[39m\n    \u001b[33mdata-state\u001b[39m=\u001b[32m\"unchecked\"\u001b[39m\n  \u001b[36m/>\u001b[39m\n\u001b[36m</button>\u001b[39m\n\n(If this is intentional, then use the `*AllBy*` variant of the query (like `queryAllByText`, `getAllByText`, or `findAllByText`)).\n\nIgnored nodes: comments, script, style\n\u001b[36m<body\u001b[39m\n  \u001b[33mdata-scroll-locked\u001b[39m=\u001b[32m\"1\"\u001b[39m\n  \u001b[33mstyle\u001b[39m=\u001b[32m\"pointer-events: none;\"\u001b[39m\n\u001b[36m>\u001b[39m\n  \u001b[36m<span\u001b[39m\n    \u001b[33maria-hidden\u001b[39m=\u001b[32m\"true\"\u001b[39m\n    \u001b[33mdata-aria-hidden\u001b[39m=\u001b[32m\"true\"\u001b[39m\n    \u001b[33mdata-radix-focus-guard\u001b[39m=\u001b[32m\"\"\u001b[39m\n    \u001b[33mstyle\u001b[39m=\u001b[32m\"outline: none; opacity: 0; position: fixed; pointer-events: none;\"\u001b[39m\n    \u001b[33mtabindex\u001b[39m=\u001b[32m\"0\"\u001b[39m\n  \u001b[36m/>\u001b[39m\n  \u001b[36m<div\u001b[39m\n    \u001b[33maria-hidden\u001b[39m=\u001b[32m\"true\"\u001b[39m\n    \u001b[33mdata-aria-hidden\u001b[39m=\u001b[32m\"true\"\u001b[39m\n  \u001b[36m/>\u001b[39m\n  \u001b[36m<div\u001b[39m\n    \u001b[33maria-hidden\u001b[39m=\u001b[32m\"true\"\u001b[39m\n    \u001b[33mclass\u001b[39m=\u001b[32m\"fixed inset-0 z-50 bg-black/80 data-[state=open]:animate-in data-[state=closed]:animate-out data-[state=closed]:fade-out-0 data-[state=open]:fade-in-0\"\u001b[39m\n    \u001b[33mdata-aria-hidden\u001b[39m=\u001b[32m\"true\"\u001b[39m\n    \u001b[33mdata-state\u001b[39m=\u001b[32m\"open\"\u001b[39m\n    \u001b[33mstyle\u001b[39m=\u001b[32m\"pointer-events: auto;\"\u001b[39m\n  \u001b[36m/>\u001b[39m\n  \u001b[36m<div\u001b[39m\n    \u001b[33maria-describedby\u001b[39m=\u001b[32m\"radix-:rk:\"\u001b[39m\n    \u001b[33maria-labelledby\u001b[39m=\u001b[32m\"radix-:rj:\"\u001b[39m\n    \u001b[33mclass\u001b[39m=\u001b[32m\"fixed z-50 gap-4 bg-background p-6 shadow-lg transition ease-in-out data-[state=open]:animate-in data-[state=closed]:animate-out data-[state=closed]:duration-300 data-[state=open]:duration-500 inset-x-0 bottom-0 border-t data-[state=closed]:slide-out-to-bottom data-[state=open]:slide-in-from-bottom h-[90vh] rounded-t-xl\"\u001b[39m\n    \u001b[33mdata-state\u001b[39m=\u001b[32m\"open\"\u001b[39m\n    \u001b[33mid\u001b[39m=\u001b[32m\"radix-:ri:\"\u001b[39m\n    \u001b[33mrole\u001b[39m=\u001b[32m\"dialog\"\u001b[39m\n    \u001b[33mstyle\u001b[39m=\u001b[32m\"pointer-events: auto;\"\u001b[39m\n    \u001b[33mtabindex\u001b[39m=\u001b[32m\"-1\"\u001b[39m\n  \u001b[36m>\u001b[39m\n    \u001b[36m<div\u001b[39m\n      \u001b[33mclass\u001b[39m=\u001b[32m\"flex flex-col space-y-2 text-center sm:text-left pb-4\"\u001b[39m\n    \u001b[36m>\u001b[39m\n      \u001b[36m<div\u001b[39m\n        \u001b[33mclass\u001b[39m=\u001b[32m\"flex items-center justify-between\"\u001b[39m\n      \u001b[36m>\u001b[39m\n        \u001b[36m<h2\u001b[39m\n          \u001b[33mclass\u001b[39m=\u001b[32m\"font-semibold text-foreground text-xl\"\u001b[39m\n          \u001b[33mid\u001b[39m=\u001b[32m\"radix-:rj:\"\u001b[39m\n        \u001b[36m>\u001b[39m\n          \u001b[0mNew Event\u001b[0m\n        \u001b[36m</h2>\u001b[39m\n        \u001b[36m<button\u001b[39m\n          \u001b[33mclass\u001b[39m=\u001b[32m\"inline-flex items-center justify-center gap-2 whitespace-nowrap rounded-md text-sm font-medium ring-offset-background transition-colors focus-visible:outline-none focus-visible:ring-2 focus-visible:ring-ring focus-visible:ring-offset-2 disabled:pointer-events-none disabled:opacity-50 [&_svg]:pointer-events-none [&_svg]:size-4 [&_svg]:shrink-0 hover:bg-accent hover:text-accent-foreground h-10 w-10\"\u001b[39m\n        \u001b[36m>\u001b[39m\n          \u001b[36m<svg\u001b[39m\n            \u001b[33mclass\u001b[39m=\u001b[32m\"lucide lucide-x h-5 w-5\"\u001b[39m\n            \u001b[33mfill\u001b[39m=\u001b[32m\"none\"\u001b[39m\n            \u001b[33mheight\u001b[39m=\u001b[32m\"24\"\u001b[39m\n            \u001b[33mstroke\u001b[39m=\u001b[32m\"currentColor\"\u001b[39m\n            \u001b[33mstroke-linecap\u001b[39m=\u001b[32m\"round\"\u001b[39m\n            \u001b[33mstroke-linejoin\u001b[39m=\u001b[32m\"round\"\u001b[39m\n            \u001b[33mstroke-width\u001b[39m=\u001b[32m\"2\"\u001b[39m\n            \u001b[33mviewBox\u001b[39m=\u001b[32m\"0 0 24 24\"\u001b[39m\n            \u001b[33mwidth\u001b[39m=\u001b[32m\"24\"\u001b[39m\n            \u001b[33mxmlns\u001b[39m=\u001b[32m\"http://www.w3.org/2000/svg\"\u001b[39m\n          \u001b[36m>\u001b[39m\n            \u001b[36m<path\u001b[39m\n              \u001b[33md\u001b[39m=\u001b[32m\"M18 6 6 18\"\u001b[39m\n            \u001b[36m/>\u001b[39m\n            \u001b[36m<path\u001b[39m\n              \u001b[33md\u001b[39m=\u001b[32m\"m6 6 12 12\"\u001b[39m\n            \u001b[36m/>\u001b[39m\n          \u001b[36m</svg>\u001b[39m\n        \u001b[36m</button>\u001b[39m\n      \u001b[36m</div>\u001b[39m\n      \u001b[36m<p\u001b[39m\n        \u001b[33mclass\u001b[39m=\u001b[32m\"text-sm text-muted-foreground\"\u001b[39m\n        \u001b[33mid\u001b[39m=\u001b[32m\"radix-:rk:\"\u001b[39m\n      \u001b[36m>\u001b[39m\n        \u001b[0mCreate a new calendar event\u001b[0m\n      \u001b[36m</p>\u001b[39m\n    \u001b[36m</div>\u001b[39m\n    \u001b[36m<div\u001b[39m\n      \u001b[33mclass\u001b[39m=\u001b[32m\"flex-1 overflow-y-auto pb-20\"\u001b[39m\n    \u001b[36m>\u001b[39m\n      \u001b[36m<div\u001b[39m\n        \u001b[33mclass\u001b[39m=\u001b[32m\"space-y-6 pt-4\"\u001b[39m\n      \u001b[36m>\u001b[39m\n        \u001b[36m<div\u001b[39m\n          \u001b[33mclass\u001b[39m=\u001b[32m\"space-y-2\"\u001b[39m\n        \u001b[36m>\u001b[39m\n          \u001b[36m<label\u001b[39m\n            \u001b[33mclass\u001b[39m=\u001b[32m\"peer-disabled:cursor-not-allowed peer-disabled:opacity-70 text-base font-semibold\"\u001b[39m\n            \u001b[33mfor\u001b[39m=\u001b[32m\"title\"\u001b[39m\n          \u001b[36m>\u001b[39m\n            \u001b[0mEvent Title *\u001b[0m\n          \u001b[36m</label>\u001b[39m\n          \u001b[36m<input\u001b[39m\n            \u001b[33mclass\u001b[39m=\u001b[32m\"flex w-full rounded-md border border-input bg-background px-3 py-2 ring-offset-background file:border-0 file:bg-transparent file:text-sm file:font-medium file:text-foreground placeholder:text-muted-foreground focus-visible:outline-none focus-visible:ring-2 focus-visible:ring-ring focus-visible:ring-offset-2 disabled:cursor-not-allowed disabled:opacity-50 md:text-sm h-12 text-base\"\u001b[39m\n            \u001b[33mid\u001b[39m=\u001b[32m\"title\"\u001b[39m\n            \u001b[33mplaceholder\u001b[39m=\u001b[32m\"What's the event?\"\u001b[39m\n            \u001b[33mvalue\u001b[39m=\u001b[32m\"\"\u001b[39m\n          \u001b[36m/>\u001b[39m\n        \u001b[36m</div>\u001b[39m\n        \u001b[36m<div\u001b[39m\n          \u001b[33mclass\u001b[39m=\u001b[32m\"space-y-4\"\u001b[39m\n        \u001b[36m>\u001b[39m\n          \u001b[36m<div\u001b[39m\n            \u001b[33mclass\u001b[39m=\u001b[32m\"flex items-center gap-2 mb-2\"\u001b[39m\n          \u001b[36m>\u001b[39m\n            \u001b[36m<svg\u001b[39m\n              \u001b[33mclass\u001b[39m=\u001b[32m\"lucide lucide-calendar h-5 w-5 text-muted-foreground\"\u001b[39m\n              \u001b[33mfill\u001b[39m=\u001b[32m\"none\"\u001b[39m\n              \u001b[33mheight\u001b[39m=\u001b[32m\"24\"\u001b[39m\n              \u001b[33mstroke\u001b[39m=\u001b[32m\"currentColor\"\u001b[39m\n              \u001b[33mstroke-linecap\u001b[39m=\u001b[32m\"round\"\u001b[39m\n              \u001b[33mstroke-linejoin\u001b[39m=\u001b[32m\"round\"\u001b[39m\n              \u001b[33mstroke-width\u001b[39m=\u001b[32m\"2\"\u001b[39m\n              \u001b[33mviewBox\u001b[39m=\u001b[32m\"0 0 24 24\"\u001b[39m\n              \u001b[33mwidth\u001b[39m=\u001b[32m\"24\"\u001b[39m\n              \u001b[33mxmlns\u001b[39m=\u001b[32m\"http://www.w3.org/2000/svg\"\u001b[39m\n            \u001b[36m>\u001b[39m\n              \u001b[36m<path\u001b[39m\n                \u001b[33md\u001b[39m=\u001b[32m\"M8 2v4\"\u001b[39m\n              \u001b[36m/>\u001b[39m\n              \u001b[36m<path\u001b[39m\n                \u001b[33md\u001b[39m=\u001b[32m\"M16 2v4\"\u001b[39m\n              \u001b[36m/>\u001b[39m\n              \u001b[36m<rect\u001b[39m\n                \u001b[33mheight\u001b[39m=\u001b[32m\"18\"\u001b[39m\n                \u001b[33mrx\u001b[39m=\u001b[32m\"2\"\u001b[39m\n                \u001b[33mwidth\u001b[39m=\u001b[32m\"18\"\u001b[39m\n                \u001b[33mx\u001b[39m=\u001b[32m\"3\"\u001b[39m\n                \u001b[33my\u001b[39m=\u001b[32m\"4\"\u001b[39m\n              \u001b[36m/>\u001b[39m\n              \u001b[36m<path\u001b[39m\n                \u001b[33md\u001b[39m=\u001b[32m\"M3 10h18\"\u001b[39m\n              \u001b[36m/>\u001b[39m\n            \u001b[36m</svg>\u001b[39m\n            \u001b[36m<label\u001b[39m\n              \u001b[33mclass\u001b[39m=\u001b[32m\"peer-disabled:cursor-not-allowed peer-disabled:opacity-70 text-base font-semibold\"\u001b[39m\n            \u001b[36m>\u001b[39m\n              \u001b[0mDate & Time\u001b[0m\n            \u001b[36m</label>\u001b[39m\n          \u001b[36m</div>\u001b[39m\n          \u001b[36m<div\u001b[39m\n            \u001b[33mclass\u001b[39m=\u001b[32m\"space-y-2\"\u001b[39m\n          \u001b[36m>\u001b[39m\n            \u001b[36m<label\u001b[39m\n              \u001b[33mclass\u001b[39m=\u001b[32m\"font-medium peer-disabled:cursor-not-allowed peer-disabled:opacity-70 text-sm\"\u001b[39m\n              \u001b[33mfor\u001b[39m=\u001b[32m\"start-date\"\u001b[39m\n            \u001b[36m>\u001b[39m\n              \u001b[0mStart\u001b[0m\n            \u001b[36m</label>\u001b[39m\n     ...\n    at Object.getElementError (c:\\Users\\anagb\\malleabite\\node_modules\\@testing-library\\dom\\dist\\config.js:37:19)\n    at getElementError (c:\\Users\\anagb\\malleabite\\node_modules\\@testing-library\\dom\\dist\\query-helpers.js:20:35)\n    at getMultipleElementsFoundError (c:\\Users\\anagb\\malleabite\\node_modules\\@testing-library\\dom\\dist\\query-helpers.js:23:10)\n    at c:\\Users\\anagb\\malleabite\\node_modules\\@testing-library\\dom\\dist\\query-helpers.js:55:13\n    at c:\\Users\\anagb\\malleabite\\node_modules\\@testing-library\\dom\\dist\\query-helpers.js:95:19\n    at c:\\Users\\anagb\\malleabite\\src\\components\\calendar\\mobile\\MobileEventForm.test.tsx:43:33\n    at file:///c:/Users/anagb/malleabite/node_modules/@vitest/runner/dist/index.js:146:14\n    at file:///c:/Users/anagb/malleabite/node_modules/@vitest/runner/dist/index.js:533:11\n    at runWithTimeout (file:///c:/Users/anagb/malleabite/node_modules/@vitest/runner/dist/index.js:39:7)\n    at runTest (file:///c:/Users/anagb/malleabite/node_modules/@vitest/runner/dist/index.js:1056:17)"],"meta":{}},{"ancestorTitles":["MobileEventForm"],"fullName":"MobileEventForm should call onSave with event data","status":"failed","title":"should call onSave with event data","duration":941.8587000000007,"failureMessages":["TestingLibraryElementError: Unable to find an accessible element with the role \"button\" and name `/save/i`\n\nHere are the accessible roles:\n\n  dialog:\n\n  Name \"New Event\":\n  \u001b[36m<div\u001b[39m\n    \u001b[33maria-describedby\u001b[39m=\u001b[32m\"radix-:rt:\"\u001b[39m\n    \u001b[33maria-labelledby\u001b[39m=\u001b[32m\"radix-:rs:\"\u001b[39m\n    \u001b[33mclass\u001b[39m=\u001b[32m\"fixed z-50 gap-4 bg-background p-6 shadow-lg transition ease-in-out data-[state=open]:animate-in data-[state=closed]:animate-out data-[state=closed]:duration-300 data-[state=open]:duration-500 inset-x-0 bottom-0 border-t data-[state=closed]:slide-out-to-bottom data-[state=open]:slide-in-from-bottom h-[90vh] rounded-t-xl\"\u001b[39m\n    \u001b[33mdata-state\u001b[39m=\u001b[32m\"open\"\u001b[39m\n    \u001b[33mid\u001b[39m=\u001b[32m\"radix-:rr:\"\u001b[39m\n    \u001b[33mrole\u001b[39m=\u001b[32m\"dialog\"\u001b[39m\n    \u001b[33mstyle\u001b[39m=\u001b[32m\"pointer-events: auto;\"\u001b[39m\n    \u001b[33mtabindex\u001b[39m=\u001b[32m\"-1\"\u001b[39m\n  \u001b[36m/>\u001b[39m\n\n  --------------------------------------------------\n  heading:\n\n  Name \"New Event\":\n  \u001b[36m<h2\u001b[39m\n    \u001b[33mclass\u001b[39m=\u001b[32m\"font-semibold text-foreground text-xl\"\u001b[39m\n    \u001b[33mid\u001b[39m=\u001b[32m\"radix-:rs:\"\u001b[39m\n  \u001b[36m/>\u001b[39m\n\n  --------------------------------------------------\n  button:\n\n  Name \"\":\n  \u001b[36m<button\u001b[39m\n    \u001b[33mclass\u001b[39m=\u001b[32m\"inline-flex items-center justify-center gap-2 whitespace-nowrap rounded-md text-sm font-medium ring-offset-background transition-colors focus-visible:outline-none focus-visible:ring-2 focus-visible:ring-ring focus-visible:ring-offset-2 disabled:pointer-events-none disabled:opacity-50 [&_svg]:pointer-events-none [&_svg]:size-4 [&_svg]:shrink-0 hover:bg-accent hover:text-accent-foreground h-10 w-10\"\u001b[39m\n  \u001b[36m/>\u001b[39m\n\n  Name \"Cancel\":\n  \u001b[36m<button\u001b[39m\n    \u001b[33mclass\u001b[39m=\u001b[32m\"inline-flex items-center justify-center gap-2 whitespace-nowrap rounded-md font-medium ring-offset-background transition-colors focus-visible:outline-none focus-visible:ring-2 focus-visible:ring-ring focus-visible:ring-offset-2 disabled:pointer-events-none disabled:opacity-50 [&_svg]:pointer-events-none [&_svg]:size-4 [&_svg]:shrink-0 border border-input bg-background hover:bg-accent hover:text-accent-foreground px-4 py-2 flex-1 h-12 text-base\"\u001b[39m\n  \u001b[36m/>\u001b[39m\n\n  Name \"Create\":\n  \u001b[36m<button\u001b[39m\n    \u001b[33mclass\u001b[39m=\u001b[32m\"inline-flex items-center justify-center gap-2 whitespace-nowrap rounded-md font-medium ring-offset-background transition-colors focus-visible:outline-none focus-visible:ring-2 focus-visible:ring-ring focus-visible:ring-offset-2 disabled:pointer-events-none disabled:opacity-50 [&_svg]:pointer-events-none [&_svg]:size-4 [&_svg]:shrink-0 bg-primary text-primary-foreground hover:bg-primary/90 px-4 py-2 flex-1 h-12 text-base\"\u001b[39m\n  \u001b[36m/>\u001b[39m\n\n  Name \"Close\":\n  \u001b[36m<button\u001b[39m\n    \u001b[33mclass\u001b[39m=\u001b[32m\"absolute right-4 top-4 rounded-sm opacity-70 ring-offset-background transition-opacity hover:opacity-100 focus:outline-none focus:ring-2 focus:ring-ring focus:ring-offset-2 disabled:pointer-events-none data-[state=open]:bg-secondary\"\u001b[39m\n    \u001b[33mtype\u001b[39m=\u001b[32m\"button\"\u001b[39m\n  \u001b[36m/>\u001b[39m\n\n  --------------------------------------------------\n  paragraph:\n\n  Name \"\":\n  \u001b[36m<p\u001b[39m\n    \u001b[33mclass\u001b[39m=\u001b[32m\"text-sm text-muted-foreground\"\u001b[39m\n    \u001b[33mid\u001b[39m=\u001b[32m\"radix-:rt:\"\u001b[39m\n  \u001b[36m/>\u001b[39m\n\n  --------------------------------------------------\n  textbox:\n\n  Name \"Event Title *\":\n  \u001b[36m<input\u001b[39m\n    \u001b[33mclass\u001b[39m=\u001b[32m\"flex w-full rounded-md border border-input bg-background px-3 py-2 ring-offset-background file:border-0 file:bg-transparent file:text-sm file:font-medium file:text-foreground placeholder:text-muted-foreground focus-visible:outline-none focus-visible:ring-2 focus-visible:ring-ring focus-visible:ring-offset-2 disabled:cursor-not-allowed disabled:opacity-50 md:text-sm h-12 text-base\"\u001b[39m\n    \u001b[33mid\u001b[39m=\u001b[32m\"title\"\u001b[39m\n    \u001b[33mplaceholder\u001b[39m=\u001b[32m\"What's the event?\"\u001b[39m\n    \u001b[33mvalue\u001b[39m=\u001b[32m\"Test Event\"\u001b[39m\n  \u001b[36m/>\u001b[39m\n\n  Name \"Description\":\n  \u001b[36m<textarea\u001b[39m\n    \u001b[33mclass\u001b[39m=\u001b[32m\"flex w-full rounded-md border border-input bg-background px-3 py-2 ring-offset-background placeholder:text-muted-foreground focus-visible:outline-none focus-visible:ring-2 focus-visible:ring-ring focus-visible:ring-offset-2 disabled:cursor-not-allowed disabled:opacity-50 min-h-[120px] text-base resize-none\"\u001b[39m\n    \u001b[33mid\u001b[39m=\u001b[32m\"description\"\u001b[39m\n    \u001b[33mplaceholder\u001b[39m=\u001b[32m\"Add details...\"\u001b[39m\n  \u001b[36m/>\u001b[39m\n\n  --------------------------------------------------\n  switch:\n\n  Name \"All-day event\":\n  \u001b[36m<button\u001b[39m\n    \u001b[33maria-checked\u001b[39m=\u001b[32m\"false\"\u001b[39m\n    \u001b[33mclass\u001b[39m=\u001b[32m\"peer inline-flex h-6 w-11 shrink-0 cursor-pointer items-center rounded-full border-2 border-transparent transition-colors focus-visible:outline-none focus-visible:ring-2 focus-visible:ring-ring focus-visible:ring-offset-2 focus-visible:ring-offset-background disabled:cursor-not-allowed disabled:opacity-50 data-[state=unchecked]:bg-input data-[state=checked]:bg-primary\"\u001b[39m\n    \u001b[33mdata-state\u001b[39m=\u001b[32m\"unchecked\"\u001b[39m\n    \u001b[33mid\u001b[39m=\u001b[32m\"all-day\"\u001b[39m\n    \u001b[33mrole\u001b[39m=\u001b[32m\"switch\"\u001b[39m\n    \u001b[33mtype\u001b[39m=\u001b[32m\"button\"\u001b[39m\n    \u001b[33mvalue\u001b[39m=\u001b[32m\"on\"\u001b[39m\n  \u001b[36m/>\u001b[39m\n\n  Name \"Set reminder\":\n  \u001b[36m<button\u001b[39m\n    \u001b[33maria-checked\u001b[39m=\u001b[32m\"false\"\u001b[39m\n    \u001b[33mclass\u001b[39m=\u001b[32m\"peer inline-flex h-6 w-11 shrink-0 cursor-pointer items-center rounded-full border-2 border-transparent transition-colors focus-visible:outline-none focus-visible:ring-2 focus-visible:ring-ring focus-visible:ring-offset-2 focus-visible:ring-offset-background disabled:cursor-not-allowed disabled:opacity-50 data-[state=unchecked]:bg-input data-[state=checked]:bg-primary\"\u001b[39m\n    \u001b[33mdata-state\u001b[39m=\u001b[32m\"unchecked\"\u001b[39m\n    \u001b[33mid\u001b[39m=\u001b[32m\"reminder\"\u001b[39m\n    \u001b[33mrole\u001b[39m=\u001b[32m\"switch\"\u001b[39m\n    \u001b[33mtype\u001b[39m=\u001b[32m\"button\"\u001b[39m\n    \u001b[33mvalue\u001b[39m=\u001b[32m\"on\"\u001b[39m\n  \u001b[36m/>\u001b[39m\n\n  --------------------------------------------------\n  combobox:\n\n  Name \"\":\n  \u001b[36m<button\u001b[39m\n    \u001b[33maria-autocomplete\u001b[39m=\u001b[32m\"none\"\u001b[39m\n    \u001b[33maria-controls\u001b[39m=\u001b[32m\"radix-:ru:\"\u001b[39m\n    \u001b[33maria-expanded\u001b[39m=\u001b[32m\"false\"\u001b[39m\n    \u001b[33mclass\u001b[39m=\u001b[32m\"flex w-full items-center justify-between rounded-md border border-input bg-background px-3 py-2 ring-offset-background placeholder:text-muted-foreground focus:outline-none focus:ring-2 focus:ring-ring focus:ring-offset-2 disabled:cursor-not-allowed disabled:opacity-50 [&>span]:line-clamp-1 h-12 text-base\"\u001b[39m\n    \u001b[33mdata-state\u001b[39m=\u001b[32m\"closed\"\u001b[39m\n    \u001b[33mdir\u001b[39m=\u001b[32m\"ltr\"\u001b[39m\n    \u001b[33mrole\u001b[39m=\u001b[32m\"combobox\"\u001b[39m\n    \u001b[33mtype\u001b[39m=\u001b[32m\"button\"\u001b[39m\n  \u001b[36m/>\u001b[39m\n\n  --------------------------------------------------\n\nIgnored nodes: comments, script, style\n\u001b[36m<body\u001b[39m\n  \u001b[33mdata-scroll-locked\u001b[39m=\u001b[32m\"1\"\u001b[39m\n  \u001b[33mstyle\u001b[39m=\u001b[32m\"pointer-events: none;\"\u001b[39m\n\u001b[36m>\u001b[39m\n  \u001b[36m<span\u001b[39m\n    \u001b[33maria-hidden\u001b[39m=\u001b[32m\"true\"\u001b[39m\n    \u001b[33mdata-aria-hidden\u001b[39m=\u001b[32m\"true\"\u001b[39m\n    \u001b[33mdata-radix-focus-guard\u001b[39m=\u001b[32m\"\"\u001b[39m\n    \u001b[33mstyle\u001b[39m=\u001b[32m\"outline: none; opacity: 0; position: fixed; pointer-events: none;\"\u001b[39m\n    \u001b[33mtabindex\u001b[39m=\u001b[32m\"0\"\u001b[39m\n  \u001b[36m/>\u001b[39m\n  \u001b[36m<div\u001b[39m\n    \u001b[33maria-hidden\u001b[39m=\u001b[32m\"true\"\u001b[39m\n    \u001b[33mdata-aria-hidden\u001b[39m=\u001b[32m\"true\"\u001b[39m\n  \u001b[36m/>\u001b[39m\n  \u001b[36m<div\u001b[39m\n    \u001b[33maria-hidden\u001b[39m=\u001b[32m\"true\"\u001b[39m\n    \u001b[33mclass\u001b[39m=\u001b[32m\"fixed inset-0 z-50 bg-black/80 data-[state=open]:animate-in data-[state=closed]:animate-out data-[state=closed]:fade-out-0 data-[state=open]:fade-in-0\"\u001b[39m\n    \u001b[33mdata-aria-hidden\u001b[39m=\u001b[32m\"true\"\u001b[39m\n    \u001b[33mdata-state\u001b[39m=\u001b[32m\"open\"\u001b[39m\n    \u001b[33mstyle\u001b[39m=\u001b[32m\"pointer-events: auto;\"\u001b[39m\n  \u001b[36m/>\u001b[39m\n  \u001b[36m<div\u001b[39m\n    \u001b[33maria-describedby\u001b[39m=\u001b[32m\"radix-:rt:\"\u001b[39m\n    \u001b[33maria-labelledby\u001b[39m=\u001b[32m\"radix-:rs:\"\u001b[39m\n    \u001b[33mclass\u001b[39m=\u001b[32m\"fixed z-50 gap-4 bg-background p-6 shadow-lg transition ease-in-out data-[state=open]:animate-in data-[state=closed]:animate-out data-[state=closed]:duration-300 data-[state=open]:duration-500 inset-x-0 bottom-0 border-t data-[state=closed]:slide-out-to-bottom data-[state=open]:slide-in-from-bottom h-[90vh] rounded-t-xl\"\u001b[39m\n    \u001b[33mdata-state\u001b[39m=\u001b[32m\"open\"\u001b[39m\n    \u001b[33mid\u001b[39m=\u001b[32m\"radix-:rr:\"\u001b[39m\n    \u001b[33mrole\u001b[39m=\u001b[32m\"dialog\"\u001b[39m\n    \u001b[33mstyle\u001b[39m=\u001b[32m\"pointer-events: auto;\"\u001b[39m\n    \u001b[33mtabindex\u001b[39m=\u001b[32m\"-1\"\u001b[39m\n  \u001b[36m>\u001b[39m\n    \u001b[36m<div\u001b[39m\n      \u001b[33mclass\u001b[39m=\u001b[32m\"flex flex-col space-y-2 text-center sm:text-left pb-4\"\u001b[39m\n    \u001b[36m>\u001b[39m\n      \u001b[36m<div\u001b[39m\n        \u001b[33mclass\u001b[39m=\u001b[32m\"flex items-center justify-between\"\u001b[39m\n      \u001b[36m>\u001b[39m\n        \u001b[36m<h2\u001b[39m\n          \u001b[33mclass\u001b[39m=\u001b[32m\"font-semibold text-foreground text-xl\"\u001b[39m\n          \u001b[33mid\u001b[39m=\u001b[32m\"radix-:rs:\"\u001b[39m\n        \u001b[36m>\u001b[39m\n          \u001b[0mNew Event\u001b[0m\n        \u001b[36m</h2>\u001b[39m\n        \u001b[36m<button\u001b[39m\n          \u001b[33mclass\u001b[39m=\u001b[32m\"inline-flex items-center justify-center gap-2 whitespace-nowrap rounded-md text-sm font-medium ring-offset-background transition-colors focus-visible:outline-none focus-visible:ring-2 focus-visible:ring-ring focus-visible:ring-offset-2 disabled:pointer-events-none disabled:opacity-50 [&_svg]:pointer-events-none [&_svg]:size-4 [&_svg]:shrink-0 hover:bg-accent hover:text-accent-foreground h-10 w-10\"\u001b[39m\n        \u001b[36m>\u001b[39m\n          \u001b[36m<svg\u001b[39m\n            \u001b[33mclass\u001b[39m=\u001b[32m\"lucide lucide-x h-5 w-5\"\u001b[39m\n            \u001b[33mfill\u001b[39m=\u001b[32m\"none\"\u001b[39m\n            \u001b[33mheight\u001b[39m=\u001b[32m\"24\"\u001b[39m\n            \u001b[33mstroke\u001b[39m=\u001b[32m\"currentColor\"\u001b[39m\n            \u001b[33mstroke-linecap\u001b[39m=\u001b[32m\"round\"\u001b[39m\n            \u001b[33mstroke-linejoin\u001b[39m=\u001b[32m\"round\"\u001b[39m\n            \u001b[33mstroke-width\u001b[39m=\u001b[32m\"2\"\u001b[39m\n            \u001b[33mviewBox\u001b[39m=\u001b[32m\"0 0 24 24\"\u001b[39m\n            \u001b[33mwidth\u001b[39m=\u001b[32m\"24\"\u001b[39m\n            \u001b[33mxmlns\u001b[39m=\u001b[32m\"http://www.w3.org/2000/svg\"\u001b[39m\n          \u001b[36m>\u001b[39m\n            \u001b[36m<path\u001b[39m\n              \u001b[33md\u001b[39m=\u001b[32m\"M18 6 6 18\"\u001b[39m\n            \u001b[36m/>\u001b[39m\n            \u001b[36m<path\u001b[39m\n              \u001b[33md\u001b[39m=\u001b[32m\"m6 6 12 12\"\u001b[39m\n            \u001b[36m/>\u001b[39m\n          \u001b[36m</svg>\u001b[39m\n        \u001b[36m</button>\u001b[39m\n      \u001b[36m</div>\u001b[39m\n      \u001b[36m<p\u001b[39m\n        \u001b[33mclass\u001b[39m=\u001b[32m\"text-sm text-muted-foreground\"\u001b[39m\n        \u001b[33mid\u001b[39m=\u001b[32m\"radix-:rt:\"\u001b[39m\n      \u001b[36m>\u001b[39m\n        \u001b[0mCreate a new calendar event\u001b[0m\n      \u001b[36m</p>\u001b[39m\n    \u001b[36m</div>\u001b[39m\n    \u001b[36m<div\u001b[39m\n      \u001b[33mclass\u001b[39m=\u001b[32m\"flex-1 overflow-y-auto pb-20\"\u001b[39m\n    \u001b[36m>\u001b[39m\n      \u001b[36m<div\u001b[39m\n        \u001b[33mclass\u001b[39m=\u001b[32m\"space-y-6 pt-4\"\u001b[39m\n      \u001b[36m>\u001b[39m\n        \u001b[36m<div\u001b[39m\n          \u001b[33mclass\u001b[39m=\u001b[32m\"space-y-2\"\u001b[39m\n        \u001b[36m>\u001b[39m\n          \u001b[36m<label\u001b[39m\n            \u001b[33mclass\u001b[39m=\u001b[32m\"peer-disabled:cursor-not-allowed peer-disabled:opacity-70 text-base font-semibold\"\u001b[39m\n            \u001b[33mfor\u001b[39m=\u001b[32m\"title\"\u001b[39m\n          \u001b[36m>\u001b[39m\n            \u001b[0mEvent Title *\u001b[0m\n          \u001b[36m</label>\u001b[39m\n          \u001b[36m<input\u001b[39m\n            \u001b[33mclass\u001b[39m=\u001b[32m\"flex w-full rounded-md border border-input bg-background px-3 py-2 ring-offset-background file:border-0 file:bg-transparent file:text-sm file:font-medium file:text-foreground placeholder:text-muted-foreground focus-visible:outline-none focus-visible:ring-2 focus-visible:ring-ring focus-visible:ring-offset-2 disabled:cursor-not-allowed disabled:opacity-50 md:text-sm h-12 text-base\"\u001b[39m\n            \u001b[33mid\u001b[39m=\u001b[32m\"title\"\u001b[39m\n            \u001b[33mplaceholder\u001b[39m=\u001b[32m\"What's the event?\"\u001b[39m\n            \u001b[33mvalue\u001b[39m=\u001b[32m\"Test Event\"\u001b[39m\n          \u001b[36m/>\u001b[39m\n        \u001b[36m</div>\u001b[39m\n        \u001b[36m<div\u001b[39m\n          \u001b[33mclass\u001b[39m=\u001b[32m\"space-y-4\"\u001b[39m\n        \u001b[36m>\u001b[39m\n          \u001b[36m<div\u001b[39m\n            \u001b[33mclass\u001b[39m=\u001b[32m\"flex items-center gap-2 mb-2\"\u001b[39m\n          \u001b[36m>\u001b[39m\n            \u001b[36m<svg\u001b[39m\n              \u001b[33mclass\u001b[39m=\u001b[32m\"lucide lucide-calendar h-5 w-5 text-muted-foreground\"\u001b[39m\n              \u001b[33mfill\u001b[39m=\u001b[32m\"none\"\u001b[39m\n              \u001b[33mheight\u001b[39m=\u001b[32m\"24\"\u001b[39m\n              \u001b[33mstroke\u001b[39m=\u001b[32m\"currentColor\"\u001b[39m\n              \u001b[33mstroke-linecap\u001b[39m=\u001b[32m\"round\"\u001b[39m\n              \u001b[33mstroke-linejoin\u001b[39m=\u001b[32m\"round\"\u001b[39m\n              \u001b[33mstroke-width\u001b[39m=\u001b[32m\"2\"\u001b[39m\n              \u001b[33mviewBox\u001b[39m=\u001b[32m\"0 0 24 24\"\u001b[39m\n              \u001b[33mwidth\u001b[39m=\u001b[32m\"24\"\u001b[39m\n              \u001b[33mxmlns\u001b[39m=\u001b[32m\"http://www.w3.org/2000/svg\"\u001b[39m\n            \u001b[36m>\u001b[39m\n              \u001b[36m<path\u001b[39m\n                \u001b[33md\u001b[39m=\u001b[32m\"M8 2v4\"\u001b[39m\n              \u001b[36m/>\u001b[39m\n              \u001b[36m<path\u001b[39m\n                \u001b[33md\u001b[39m=\u001b[32m\"M16 2v4\"\u001b[39m\n              \u001b[36m/>\u001b[39m\n              \u001b[36m<rect\u001b[39m\n                \u001b[33mheight\u001b[39m=\u001b[32m\"18\"\u001b[39m\n                \u001b[33mrx\u001b[39m=\u001b[32m\"2\"\u001b[39m\n                \u001b[33mwidth\u001b[39m=\u001b[32m\"18\"\u001b[39m\n                \u001b[33mx\u001b[39m=\u001b[32m\"3\"\u001b[39m\n                \u001b[33my\u001b[39m=\u001b[32m\"4\"\u001b[39m\n              \u001b[36m/>\u001b[39m\n              \u001b[36m<path\u001b[39m\n                \u001b[33md\u001b[39m=\u001b[32m\"M3 10h18\"\u001b[39m\n              \u001b[36m/>\u001b[39m\n            \u001b[36m</svg>\u001b[39m\n            \u001b[36m<label\u001b[39m\n              \u001b[33mclass\u001b[39m=\u001b[32m\"peer-disabled:cursor-not-allowed peer-disabled:opacity-70 text-base font-semibold\"\u001b[39m\n            \u001b[36m>\u001b[39m\n              \u001b[0mDate & Time\u001b[0m\n            \u001b[36m</label>\u001b[39m\n          \u001b[36m</div>\u001b[39m\n          \u001b[36m<div\u001b[39m\n            \u001b[33mclass\u001b[39m=\u001b[32m\"space-y-2\"\u001b[39m\n          \u001b[36m>\u001b[39m\n            \u001b[36m<label\u001b[39m\n              \u001b[33mclass\u001b[39m=\u001b[32m\"font-medium peer-disabled:cursor-not-allowed peer-disabled:opacity-70 text-sm\"\u001b[39m\n              \u001b[33mfor\u001b[39m=\u001b[32m\"start-date\"\u001b[39m\n            \u001b[36m>\u001b[39m\n              \u001b[0mStart\u001b[0m\n            \u001b[36m</label>\u001b...\n    at Object.getElementError (c:\\Users\\anagb\\malleabite\\node_modules\\@testing-library\\dom\\dist\\config.js:37:19)\n    at c:\\Users\\anagb\\malleabite\\node_modules\\@testing-library\\dom\\dist\\query-helpers.js:76:38\n    at c:\\Users\\anagb\\malleabite\\node_modules\\@testing-library\\dom\\dist\\query-helpers.js:52:17\n    at c:\\Users\\anagb\\malleabite\\node_modules\\@testing-library\\dom\\dist\\query-helpers.js:95:19\n    at c:\\Users\\anagb\\malleabite\\src\\components\\calendar\\mobile\\MobileEventForm.test.tsx:56:31\n    at file:///c:/Users/anagb/malleabite/node_modules/@vitest/runner/dist/index.js:146:14\n    at file:///c:/Users/anagb/malleabite/node_modules/@vitest/runner/dist/index.js:533:11\n    at runWithTimeout (file:///c:/Users/anagb/malleabite/node_modules/@vitest/runner/dist/index.js:39:7)\n    at runTest (file:///c:/Users/anagb/malleabite/node_modules/@vitest/runner/dist/index.js:1056:17)\n    at processTicksAndRejections (node:internal/process/task_queues:105:5)"],"meta":{}},{"ancestorTitles":["MobileEventForm"],"fullName":"MobileEventForm should show date inputs","status":"passed","title":"should show date inputs","duration":80.79849999999988,"failureMessages":[],"meta":{}},{"ancestorTitles":["MobileEventForm"],"fullName":"MobileEventForm should toggle all-day mode","status":"failed","title":"should toggle all-day mode","duration":119.61529999999948,"failureMessages":["TestingLibraryElementError: Found multiple elements with the role \"switch\"\n\nHere are the matching elements:\n\nIgnored nodes: comments, script, style\n\u001b[36m<button\u001b[39m\n  \u001b[33maria-checked\u001b[39m=\u001b[32m\"false\"\u001b[39m\n  \u001b[33mclass\u001b[39m=\u001b[32m\"peer inline-flex h-6 w-11 shrink-0 cursor-pointer items-center rounded-full border-2 border-transparent transition-colors focus-visible:outline-none focus-visible:ring-2 focus-visible:ring-ring focus-visible:ring-offset-2 focus-visible:ring-offset-background disabled:cursor-not-allowed disabled:opacity-50 data-[state=unchecked]:bg-input data-[state=checked]:bg-primary\"\u001b[39m\n  \u001b[33mdata-state\u001b[39m=\u001b[32m\"unchecked\"\u001b[39m\n  \u001b[33mid\u001b[39m=\u001b[32m\"all-day\"\u001b[39m\n  \u001b[33mrole\u001b[39m=\u001b[32m\"switch\"\u001b[39m\n  \u001b[33mtype\u001b[39m=\u001b[32m\"button\"\u001b[39m\n  \u001b[33mvalue\u001b[39m=\u001b[32m\"on\"\u001b[39m\n\u001b[36m>\u001b[39m\n  \u001b[36m<span\u001b[39m\n    \u001b[33mclass\u001b[39m=\u001b[32m\"pointer-events-none block h-5 w-5 rounded-full bg-background shadow-lg ring-0 transition-transform data-[state=checked]:translate-x-5 data-[state=unchecked]:translate-x-0\"\u001b[39m\n    \u001b[33mdata-state\u001b[39m=\u001b[32m\"unchecked\"\u001b[39m\n  \u001b[36m/>\u001b[39m\n\u001b[36m</button>\u001b[39m\n\nIgnored nodes: comments, script, style\n\u001b[36m<button\u001b[39m\n  \u001b[33maria-checked\u001b[39m=\u001b[32m\"false\"\u001b[39m\n  \u001b[33mclass\u001b[39m=\u001b[32m\"peer inline-flex h-6 w-11 shrink-0 cursor-pointer items-center rounded-full border-2 border-transparent transition-colors focus-visible:outline-none focus-visible:ring-2 focus-visible:ring-ring focus-visible:ring-offset-2 focus-visible:ring-offset-background disabled:cursor-not-allowed disabled:opacity-50 data-[state=unchecked]:bg-input data-[state=checked]:bg-primary\"\u001b[39m\n  \u001b[33mdata-state\u001b[39m=\u001b[32m\"unchecked\"\u001b[39m\n  \u001b[33mid\u001b[39m=\u001b[32m\"reminder\"\u001b[39m\n  \u001b[33mrole\u001b[39m=\u001b[32m\"switch\"\u001b[39m\n  \u001b[33mtype\u001b[39m=\u001b[32m\"button\"\u001b[39m\n  \u001b[33mvalue\u001b[39m=\u001b[32m\"on\"\u001b[39m\n\u001b[36m>\u001b[39m\n  \u001b[36m<span\u001b[39m\n    \u001b[33mclass\u001b[39m=\u001b[32m\"pointer-events-none block h-5 w-5 rounded-full bg-background shadow-lg ring-0 transition-transform data-[state=checked]:translate-x-5 data-[state=unchecked]:translate-x-0\"\u001b[39m\n    \u001b[33mdata-state\u001b[39m=\u001b[32m\"unchecked\"\u001b[39m\n  \u001b[36m/>\u001b[39m\n\u001b[36m</button>\u001b[39m\n\n(If this is intentional, then use the `*AllBy*` variant of the query (like `queryAllByText`, `getAllByText`, or `findAllByText`)).\n\nIgnored nodes: comments, script, style\n\u001b[36m<body\u001b[39m\n  \u001b[33mdata-scroll-locked\u001b[39m=\u001b[32m\"1\"\u001b[39m\n  \u001b[33mstyle\u001b[39m=\u001b[32m\"pointer-events: none;\"\u001b[39m\n\u001b[36m>\u001b[39m\n  \u001b[36m<span\u001b[39m\n    \u001b[33maria-hidden\u001b[39m=\u001b[32m\"true\"\u001b[39m\n    \u001b[33mdata-aria-hidden\u001b[39m=\u001b[32m\"true\"\u001b[39m\n    \u001b[33mdata-radix-focus-guard\u001b[39m=\u001b[32m\"\"\u001b[39m\n    \u001b[33mstyle\u001b[39m=\u001b[32m\"outline: none; opacity: 0; position: fixed; pointer-events: none;\"\u001b[39m\n    \u001b[33mtabindex\u001b[39m=\u001b[32m\"0\"\u001b[39m\n  \u001b[36m/>\u001b[39m\n  \u001b[36m<div\u001b[39m\n    \u001b[33maria-hidden\u001b[39m=\u001b[32m\"true\"\u001b[39m\n    \u001b[33mdata-aria-hidden\u001b[39m=\u001b[32m\"true\"\u001b[39m\n  \u001b[36m/>\u001b[39m\n  \u001b[36m<div\u001b[39m\n    \u001b[33maria-hidden\u001b[39m=\u001b[32m\"true\"\u001b[39m\n    \u001b[33mclass\u001b[39m=\u001b[32m\"fixed inset-0 z-50 bg-black/80 data-[state=open]:animate-in data-[state=closed]:animate-out data-[state=closed]:fade-out-0 data-[state=open]:fade-in-0\"\u001b[39m\n    \u001b[33mdata-aria-hidden\u001b[39m=\u001b[32m\"true\"\u001b[39m\n    \u001b[33mdata-state\u001b[39m=\u001b[32m\"open\"\u001b[39m\n    \u001b[33mstyle\u001b[39m=\u001b[32m\"pointer-events: auto;\"\u001b[39m\n  \u001b[36m/>\u001b[39m\n  \u001b[36m<div\u001b[39m\n    \u001b[33maria-describedby\u001b[39m=\u001b[32m\"radix-:r1f:\"\u001b[39m\n    \u001b[33maria-labelledby\u001b[39m=\u001b[32m\"radix-:r1e:\"\u001b[39m\n    \u001b[33mclass\u001b[39m=\u001b[32m\"fixed z-50 gap-4 bg-background p-6 shadow-lg transition ease-in-out data-[state=open]:animate-in data-[state=closed]:animate-out data-[state=closed]:duration-300 data-[state=open]:duration-500 inset-x-0 bottom-0 border-t data-[state=closed]:slide-out-to-bottom data-[state=open]:slide-in-from-bottom h-[90vh] rounded-t-xl\"\u001b[39m\n    \u001b[33mdata-state\u001b[39m=\u001b[32m\"open\"\u001b[39m\n    \u001b[33mid\u001b[39m=\u001b[32m\"radix-:r1d:\"\u001b[39m\n    \u001b[33mrole\u001b[39m=\u001b[32m\"dialog\"\u001b[39m\n    \u001b[33mstyle\u001b[39m=\u001b[32m\"pointer-events: auto;\"\u001b[39m\n    \u001b[33mtabindex\u001b[39m=\u001b[32m\"-1\"\u001b[39m\n  \u001b[36m>\u001b[39m\n    \u001b[36m<div\u001b[39m\n      \u001b[33mclass\u001b[39m=\u001b[32m\"flex flex-col space-y-2 text-center sm:text-left pb-4\"\u001b[39m\n    \u001b[36m>\u001b[39m\n      \u001b[36m<div\u001b[39m\n        \u001b[33mclass\u001b[39m=\u001b[32m\"flex items-center justify-between\"\u001b[39m\n      \u001b[36m>\u001b[39m\n        \u001b[36m<h2\u001b[39m\n          \u001b[33mclass\u001b[39m=\u001b[32m\"font-semibold text-foreground text-xl\"\u001b[39m\n          \u001b[33mid\u001b[39m=\u001b[32m\"radix-:r1e:\"\u001b[39m\n        \u001b[36m>\u001b[39m\n          \u001b[0mNew Event\u001b[0m\n        \u001b[36m</h2>\u001b[39m\n        \u001b[36m<button\u001b[39m\n          \u001b[33mclass\u001b[39m=\u001b[32m\"inline-flex items-center justify-center gap-2 whitespace-nowrap rounded-md text-sm font-medium ring-offset-background transition-colors focus-visible:outline-none focus-visible:ring-2 focus-visible:ring-ring focus-visible:ring-offset-2 disabled:pointer-events-none disabled:opacity-50 [&_svg]:pointer-events-none [&_svg]:size-4 [&_svg]:shrink-0 hover:bg-accent hover:text-accent-foreground h-10 w-10\"\u001b[39m\n        \u001b[36m>\u001b[39m\n          \u001b[36m<svg\u001b[39m\n            \u001b[33mclass\u001b[39m=\u001b[32m\"lucide lucide-x h-5 w-5\"\u001b[39m\n            \u001b[33mfill\u001b[39m=\u001b[32m\"none\"\u001b[39m\n            \u001b[33mheight\u001b[39m=\u001b[32m\"24\"\u001b[39m\n            \u001b[33mstroke\u001b[39m=\u001b[32m\"currentColor\"\u001b[39m\n            \u001b[33mstroke-linecap\u001b[39m=\u001b[32m\"round\"\u001b[39m\n            \u001b[33mstroke-linejoin\u001b[39m=\u001b[32m\"round\"\u001b[39m\n            \u001b[33mstroke-width\u001b[39m=\u001b[32m\"2\"\u001b[39m\n            \u001b[33mviewBox\u001b[39m=\u001b[32m\"0 0 24 24\"\u001b[39m\n            \u001b[33mwidth\u001b[39m=\u001b[32m\"24\"\u001b[39m\n            \u001b[33mxmlns\u001b[39m=\u001b[32m\"http://www.w3.org/2000/svg\"\u001b[39m\n          \u001b[36m>\u001b[39m\n            \u001b[36m<path\u001b[39m\n              \u001b[33md\u001b[39m=\u001b[32m\"M18 6 6 18\"\u001b[39m\n            \u001b[36m/>\u001b[39m\n            \u001b[36m<path\u001b[39m\n              \u001b[33md\u001b[39m=\u001b[32m\"m6 6 12 12\"\u001b[39m\n            \u001b[36m/>\u001b[39m\n          \u001b[36m</svg>\u001b[39m\n        \u001b[36m</button>\u001b[39m\n      \u001b[36m</div>\u001b[39m\n      \u001b[36m<p\u001b[39m\n        \u001b[33mclass\u001b[39m=\u001b[32m\"text-sm text-muted-foreground\"\u001b[39m\n        \u001b[33mid\u001b[39m=\u001b[32m\"radix-:r1f:\"\u001b[39m\n      \u001b[36m>\u001b[39m\n        \u001b[0mCreate a new calendar event\u001b[0m\n      \u001b[36m</p>\u001b[39m\n    \u001b[36m</div>\u001b[39m\n    \u001b[36m<div\u001b[39m\n      \u001b[33mclass\u001b[39m=\u001b[32m\"flex-1 overflow-y-auto pb-20\"\u001b[39m\n    \u001b[36m>\u001b[39m\n      \u001b[36m<div\u001b[39m\n        \u001b[33mclass\u001b[39m=\u001b[32m\"space-y-6 pt-4\"\u001b[39m\n      \u001b[36m>\u001b[39m\n        \u001b[36m<div\u001b[39m\n          \u001b[33mclass\u001b[39m=\u001b[32m\"space-y-2\"\u001b[39m\n        \u001b[36m>\u001b[39m\n          \u001b[36m<label\u001b[39m\n            \u001b[33mclass\u001b[39m=\u001b[32m\"peer-disabled:cursor-not-allowed peer-disabled:opacity-70 text-base font-semibold\"\u001b[39m\n            \u001b[33mfor\u001b[39m=\u001b[32m\"title\"\u001b[39m\n          \u001b[36m>\u001b[39m\n            \u001b[0mEvent Title *\u001b[0m\n          \u001b[36m</label>\u001b[39m\n          \u001b[36m<input\u001b[39m\n            \u001b[33mclass\u001b[39m=\u001b[32m\"flex w-full rounded-md border border-input bg-background px-3 py-2 ring-offset-background file:border-0 file:bg-transparent file:text-sm file:font-medium file:text-foreground placeholder:text-muted-foreground focus-visible:outline-none focus-visible:ring-2 focus-visible:ring-ring focus-visible:ring-offset-2 disabled:cursor-not-allowed disabled:opacity-50 md:text-sm h-12 text-base\"\u001b[39m\n            \u001b[33mid\u001b[39m=\u001b[32m\"title\"\u001b[39m\n            \u001b[33mplaceholder\u001b[39m=\u001b[32m\"What's the event?\"\u001b[39m\n            \u001b[33mvalue\u001b[39m=\u001b[32m\"\"\u001b[39m\n          \u001b[36m/>\u001b[39m\n        \u001b[36m</div>\u001b[39m\n        \u001b[36m<div\u001b[39m\n          \u001b[33mclass\u001b[39m=\u001b[32m\"space-y-4\"\u001b[39m\n        \u001b[36m>\u001b[39m\n          \u001b[36m<div\u001b[39m\n            \u001b[33mclass\u001b[39m=\u001b[32m\"flex items-center gap-2 mb-2\"\u001b[39m\n          \u001b[36m>\u001b[39m\n            \u001b[36m<svg\u001b[39m\n              \u001b[33mclass\u001b[39m=\u001b[32m\"lucide lucide-calendar h-5 w-5 text-muted-foreground\"\u001b[39m\n              \u001b[33mfill\u001b[39m=\u001b[32m\"none\"\u001b[39m\n              \u001b[33mheight\u001b[39m=\u001b[32m\"24\"\u001b[39m\n              \u001b[33mstroke\u001b[39m=\u001b[32m\"currentColor\"\u001b[39m\n              \u001b[33mstroke-linecap\u001b[39m=\u001b[32m\"round\"\u001b[39m\n              \u001b[33mstroke-linejoin\u001b[39m=\u001b[32m\"round\"\u001b[39m\n              \u001b[33mstroke-width\u001b[39m=\u001b[32m\"2\"\u001b[39m\n              \u001b[33mviewBox\u001b[39m=\u001b[32m\"0 0 24 24\"\u001b[39m\n              \u001b[33mwidth\u001b[39m=\u001b[32m\"24\"\u001b[39m\n              \u001b[33mxmlns\u001b[39m=\u001b[32m\"http://www.w3.org/2000/svg\"\u001b[39m\n            \u001b[36m>\u001b[39m\n              \u001b[36m<path\u001b[39m\n                \u001b[33md\u001b[39m=\u001b[32m\"M8 2v4\"\u001b[39m\n              \u001b[36m/>\u001b[39m\n              \u001b[36m<path\u001b[39m\n                \u001b[33md\u001b[39m=\u001b[32m\"M16 2v4\"\u001b[39m\n              \u001b[36m/>\u001b[39m\n              \u001b[36m<rect\u001b[39m\n                \u001b[33mheight\u001b[39m=\u001b[32m\"18\"\u001b[39m\n                \u001b[33mrx\u001b[39m=\u001b[32m\"2\"\u001b[39m\n                \u001b[33mwidth\u001b[39m=\u001b[32m\"18\"\u001b[39m\n                \u001b[33mx\u001b[39m=\u001b[32m\"3\"\u001b[39m\n                \u001b[33my\u001b[39m=\u001b[32m\"4\"\u001b[39m\n              \u001b[36m/>\u001b[39m\n              \u001b[36m<path\u001b[39m\n                \u001b[33md\u001b[39m=\u001b[32m\"M3 10h18\"\u001b[39m\n              \u001b[36m/>\u001b[39m\n            \u001b[36m</svg>\u001b[39m\n            \u001b[36m<label\u001b[39m\n              \u001b[33mclass\u001b[39m=\u001b[32m\"peer-disabled:cursor-not-allowed peer-disabled:opacity-70 text-base font-semibold\"\u001b[39m\n            \u001b[36m>\u001b[39m\n              \u001b[0mDate & Time\u001b[0m\n            \u001b[36m</label>\u001b[39m\n          \u001b[36m</div>\u001b[39m\n          \u001b[36m<div\u001b[39m\n            \u001b[33mclass\u001b[39m=\u001b[32m\"space-y-2\"\u001b[39m\n          \u001b[36m>\u001b[39m\n            \u001b[36m<label\u001b[39m\n              \u001b[33mclass\u001b[39m=\u001b[32m\"font-medium peer-disabled:cursor-not-allowed peer-disabled:opacity-70 text-sm\"\u001b[39m\n              \u001b[33mfor\u001b[39m=\u001b[32m\"start-date\"\u001b[39m\n            \u001b[36m>\u001b[39m\n              \u001b[0mStart\u001b[0m\n            \u001b[36m</label>\u001b[39m\n...\n    at Object.getElementError (c:\\Users\\anagb\\malleabite\\node_modules\\@testing-library\\dom\\dist\\config.js:37:19)\n    at getElementError (c:\\Users\\anagb\\malleabite\\node_modules\\@testing-library\\dom\\dist\\query-helpers.js:20:35)\n    at getMultipleElementsFoundError (c:\\Users\\anagb\\malleabite\\node_modules\\@testing-library\\dom\\dist\\query-helpers.js:23:10)\n    at c:\\Users\\anagb\\malleabite\\node_modules\\@testing-library\\dom\\dist\\query-helpers.js:55:13\n    at c:\\Users\\anagb\\malleabite\\node_modules\\@testing-library\\dom\\dist\\query-helpers.js:95:19\n    at c:\\Users\\anagb\\malleabite\\src\\components\\calendar\\mobile\\MobileEventForm.test.tsx:75:33\n    at file:///c:/Users/anagb/malleabite/node_modules/@vitest/runner/dist/index.js:146:14\n    at file:///c:/Users/anagb/malleabite/node_modules/@vitest/runner/dist/index.js:533:11\n    at runWithTimeout (file:///c:/Users/anagb/malleabite/node_modules/@vitest/runner/dist/index.js:39:7)\n    at runTest (file:///c:/Users/anagb/malleabite/node_modules/@vitest/runner/dist/index.js:1056:17)"],"meta":{}}],"startTime":1766305167237,"endTime":1766305169187.6152,"status":"failed","message":"","name":"c:/Users/anagb/malleabite/src/components/calendar/mobile/MobileEventForm.test.tsx"},{"assertionResults":[{"ancestorTitles":["MobileMonthView"],"fullName":"MobileMonthView should render month header","status":"passed","title":"should render month header","duration":212.09290000000055,"failureMessages":[],"meta":{}},{"ancestorTitles":["MobileMonthView"],"fullName":"MobileMonthView should render day of week headers","status":"passed","title":"should render day of week headers","duration":37.949499999999716,"failureMessages":[],"meta":{}},{"ancestorTitles":["MobileMonthView"],"fullName":"MobileMonthView should render navigation buttons","status":"passed","title":"should render navigation buttons","duration":535.3648999999996,"failureMessages":[],"meta":{}},{"ancestorTitles":["MobileMonthView"],"fullName":"MobileMonthView should show floating action button for adding events","status":"passed","title":"should show floating action button for adding events","duration":252.7488000000003,"failureMessages":[],"meta":{}}],"startTime":1766305166770,"endTime":1766305167807.7488,"status":"passed","message":"","name":"c:/Users/anagb/malleabite/src/components/calendar/mobile/MobileMonthView.test.tsx"}]}
